Active-HDL 12.0.118.7745 2022-02-05 17:31:04

Elaboration top modules:
Architecture                  Q5C(Q5)


---------------------------------------------------------------------------------------------
Entity   | Architecture | Library   | Info | Compiler Version          | Compilation Options
---------------------------------------------------------------------------------------------
Q5       | Q5C          | eercise_2 |      | 12.0.118.7745 (Windows64) | -O3
---------------------------------------------------------------------------------------------

---------------------------------------------------------------------------------------------
VHDL Package            | Library   | Info | Compiler Version          | Compilation Options
---------------------------------------------------------------------------------------------
standard                | std       |      |                           | <unavailable>
TEXTIO                  | std       |      |                           | <unavailable>
std_logic_1164          | ieee      |      |                           | <unavailable>
---------------------------------------------------------------------------------------------

---------------------------------------------------------------------------------------------
Library                 | Comment
---------------------------------------------------------------------------------------------
eercise_2               | None
ieee                    | Standard IEEE packages library
std                     | Standard VHDL library
---------------------------------------------------------------------------------------------
